<?xml version="1.0" encoding="UTF-8"?>
<testng-results skipped="0" failed="0" ignored="0" total="1" passed="1">
  <reporter-output>
  </reporter-output>
  <suite name="Default suite" duration-ms="2538" started-at="2020-04-28T18:48:27 IST" finished-at="2020-04-28T18:48:30 IST">
    <groups>
    </groups>
    <test name="Default test" duration-ms="2538" started-at="2020-04-28T18:48:27 IST" finished-at="2020-04-28T18:48:30 IST">
      <class name="restassuredTests.Demo4_DELETE_Request">
        <test-method status="PASS" signature="deleteUser()[pri:0, instance:restassuredTests.Demo4_DELETE_Request@71bbf57e]" name="deleteUser" duration-ms="2495" started-at="2020-04-28T18:48:27 IST" finished-at="2020-04-28T18:48:30 IST">
          <reporter-output>
          </reporter-output>
        </test-method> <!-- deleteUser -->
      </class> <!-- restassuredTests.Demo4_DELETE_Request -->
    </test> <!-- Default test -->
  </suite> <!-- Default suite -->
</testng-results>
